<?xml version="1.0" encoding="UTF-8"?>
<!-- Generated by org.testng.reporters.JUnitXMLReporter -->
<testsuite ignored="0" hostname="LAPTOP-6D8U9LA3" failures="0" tests="3" name="Default test" time="35.216" errors="0" timestamp="2026-06-11T11:10:56 IST">
  <testcase classname="PrimeVideo.minidetails.TrailTest" name="TC2" time="9.043"/>
  <testcase classname="PrimeVideo.minidetails.TrailTest" name="TC2" time="8.826"/>
  <testcase classname="PrimeVideo.minidetails.TrailTest" name="TC2" time="8.674"/>
</testsuite> <!-- Default test -->
