<?xml version="1.0" encoding="UTF-8"?>
<!-- Generated by org.testng.reporters.JUnitXMLReporter -->
<testsuite ignored="0" hostname="LAPTOP-6D8U9LA3" failures="1" tests="3" name="Test" time="30.745" errors="0" timestamp="2026-06-11T17:09:54 IST">
  <testcase classname="PrimeVideo.minidetails.TrailTest" name="TC2" time="0.916">
    <failure type="java.lang.NullPointerException" message="Cannot invoke &amp;quot;org.openqa.selenium.WebElement.findElement(org.openqa.selenium.By)&amp;quot; because &amp;quot;prod&amp;quot; is null">
      <![CDATA[java.lang.NullPointerException: Cannot invoke "org.openqa.selenium.WebElement.findElement(org.openqa.selenium.By)" because "prod" is null
at PrimeVideo.minidetails.HomePage.addProductByName(HomePage.java:35)
at PrimeVideo.minidetails.TrailTest.TC2(TrailTest.java:25)
at java.base/java.util.ArrayList.forEach(ArrayList.java:1596)
... Removed 25 stack frames]]>
    </failure>
  </testcase> <!-- TC2 -->
  <testcase classname="PrimeVideo.minidetails.TrailTest" name="TC2" time="8.823"/>
  <testcase classname="PrimeVideo.minidetails.TrailTest" name="TC2" time="8.794"/>
</testsuite> <!-- Test -->
