<?xml version="1.0" encoding="UTF-8"?>
<!-- Generated by org.testng.reporters.JUnitXMLReporter -->
<testsuite ignored="0" hostname="LAPTOP-6D8U9LA3" failures="0" tests="3" name="Test" time="29.555" errors="0" timestamp="2026-06-11T12:03:39 IST">
  <testcase classname="PrimeVideo.minidetails.TrailTest" name="TC2" time="2.267"/>
  <testcase classname="PrimeVideo.minidetails.TrailTest" name="TC2" time="9.213"/>
  <testcase classname="PrimeVideo.minidetails.TrailTest" name="TC2" time="8.637"/>
</testsuite> <!-- Test -->
