<?xml version="1.0" encoding="UTF-8"?>
<testng-results ignored="0" total="3" passed="3" failed="0" skipped="0">
  <reporter-output>
  </reporter-output>
  <suite started-at="2026-06-11T12:03:09 IST" name="Suite" finished-at="2026-06-11T12:03:38 IST" duration-ms="29555">
    <groups>
    </groups>
    <test started-at="2026-06-11T12:03:09 IST" name="Test" finished-at="2026-06-11T12:03:38 IST" duration-ms="29555">
      <class name="PrimeVideo.minidetails.TrailTest">
        <test-method is-config="true" signature="launchApp()[pri:0, instance:PrimeVideo.minidetails.TrailTest@4d5650ae]" started-at="2026-06-11T12:03:09 IST" name="launchApp" finished-at="2026-06-11T12:03:11 IST" duration-ms="2405" status="PASS">
          <reporter-output>
          </reporter-output>
        </test-method> <!-- launchApp -->
        <test-method signature="TC2(java.util.HashMap)[pri:0, instance:PrimeVideo.minidetails.TrailTest@4d5650ae]" started-at="2026-06-11T12:03:11 IST" name="TC2" data-provider="getData2" finished-at="2026-06-11T12:03:14 IST" duration-ms="2267" status="PASS">
          <params>
            <param index="0">
              <value>
                <![CDATA[{password=10011998Ad@, email=thavithu15@gmail.com, productName=ZARA COAT 3}]]>
              </value>
            </param>
          </params>
          <reporter-output>
          </reporter-output>
        </test-method> <!-- TC2 -->
        <test-method is-config="true" signature="tearDown()[pri:0, instance:PrimeVideo.minidetails.TrailTest@4d5650ae]" started-at="2026-06-11T12:03:14 IST" name="tearDown" finished-at="2026-06-11T12:03:14 IST" duration-ms="130" status="PASS">
          <reporter-output>
          </reporter-output>
        </test-method> <!-- tearDown -->
        <test-method is-config="true" signature="launchApp()[pri:0, instance:PrimeVideo.minidetails.TrailTest@4d5650ae]" started-at="2026-06-11T12:03:14 IST" name="launchApp" finished-at="2026-06-11T12:03:17 IST" duration-ms="3222" status="PASS">
          <reporter-output>
          </reporter-output>
        </test-method> <!-- launchApp -->
        <test-method signature="TC2(java.util.HashMap)[pri:0, instance:PrimeVideo.minidetails.TrailTest@4d5650ae]" started-at="2026-06-11T12:03:17 IST" name="TC2" data-provider="getData2" finished-at="2026-06-11T12:03:26 IST" duration-ms="9213" status="PASS">
          <params>
            <param index="0">
              <value>
                <![CDATA[{password=10011998Ad@, email=thavithu15@gmail.com, productName=ADIDAS ORIGINAL}]]>
              </value>
            </param>
          </params>
          <reporter-output>
          </reporter-output>
        </test-method> <!-- TC2 -->
        <test-method is-config="true" signature="tearDown()[pri:0, instance:PrimeVideo.minidetails.TrailTest@4d5650ae]" started-at="2026-06-11T12:03:26 IST" name="tearDown" finished-at="2026-06-11T12:03:26 IST" duration-ms="106" status="PASS">
          <reporter-output>
          </reporter-output>
        </test-method> <!-- tearDown -->
        <test-method is-config="true" signature="launchApp()[pri:0, instance:PrimeVideo.minidetails.TrailTest@4d5650ae]" started-at="2026-06-11T12:03:26 IST" name="launchApp" finished-at="2026-06-11T12:03:29 IST" duration-ms="3163" status="PASS">
          <reporter-output>
          </reporter-output>
        </test-method> <!-- launchApp -->
        <test-method signature="TC2(java.util.HashMap)[pri:0, instance:PrimeVideo.minidetails.TrailTest@4d5650ae]" started-at="2026-06-11T12:03:29 IST" name="TC2" data-provider="getData2" finished-at="2026-06-11T12:03:38 IST" duration-ms="8637" status="PASS">
          <params>
            <param index="0">
              <value>
                <![CDATA[{password=10011998Ad@, email=thavithu15@gmail.com, productName=ADIDAS ORIGINAL}]]>
              </value>
            </param>
          </params>
          <reporter-output>
          </reporter-output>
        </test-method> <!-- TC2 -->
        <test-method is-config="true" signature="tearDown()[pri:0, instance:PrimeVideo.minidetails.TrailTest@4d5650ae]" started-at="2026-06-11T12:03:38 IST" name="tearDown" finished-at="2026-06-11T12:03:38 IST" duration-ms="131" status="PASS">
          <reporter-output>
          </reporter-output>
        </test-method> <!-- tearDown -->
      </class> <!-- PrimeVideo.minidetails.TrailTest -->
    </test> <!-- Test -->
  </suite> <!-- Suite -->
</testng-results>
