<?xml version="1.0" encoding="UTF-8"?>
<testng-results ignored="0" total="3" passed="3" failed="0" skipped="0">
  <reporter-output>
  </reporter-output>
  <suite started-at="2026-06-11T11:10:20 IST" name="Default suite" finished-at="2026-06-11T11:10:56 IST" duration-ms="35216">
    <groups>
    </groups>
    <test started-at="2026-06-11T11:10:20 IST" name="Default test" finished-at="2026-06-11T11:10:56 IST" duration-ms="35216">
      <class name="PrimeVideo.minidetails.TrailTest">
        <test-method is-config="true" signature="launchApp()[pri:0, instance:PrimeVideo.minidetails.TrailTest@6913c1fb]" started-at="2026-06-11T11:10:21 IST" name="launchApp" finished-at="2026-06-11T11:10:24 IST" duration-ms="3637" status="PASS">
          <reporter-output>
          </reporter-output>
        </test-method> <!-- launchApp -->
        <test-method signature="TC2(java.util.HashMap)[pri:0, instance:PrimeVideo.minidetails.TrailTest@6913c1fb]" started-at="2026-06-11T11:10:24 IST" name="TC2" data-provider="getData2" finished-at="2026-06-11T11:10:33 IST" duration-ms="9043" status="PASS">
          <params>
            <param index="0">
              <value>
                <![CDATA[{password=10011998Ad@, email=thavithu15@gmail.com, productName=ZARA COAT 3}]]>
              </value>
            </param>
          </params>
          <reporter-output>
          </reporter-output>
        </test-method> <!-- TC2 -->
        <test-method is-config="true" signature="tearDown()[pri:0, instance:PrimeVideo.minidetails.TrailTest@6913c1fb]" started-at="2026-06-11T11:10:33 IST" name="tearDown" finished-at="2026-06-11T11:10:33 IST" duration-ms="146" status="PASS">
          <reporter-output>
          </reporter-output>
        </test-method> <!-- tearDown -->
        <test-method is-config="true" signature="launchApp()[pri:0, instance:PrimeVideo.minidetails.TrailTest@6913c1fb]" started-at="2026-06-11T11:10:33 IST" name="launchApp" finished-at="2026-06-11T11:10:35 IST" duration-ms="1660" status="PASS">
          <reporter-output>
          </reporter-output>
        </test-method> <!-- launchApp -->
        <test-method signature="TC2(java.util.HashMap)[pri:0, instance:PrimeVideo.minidetails.TrailTest@6913c1fb]" started-at="2026-06-11T11:10:35 IST" name="TC2" data-provider="getData2" finished-at="2026-06-11T11:10:44 IST" duration-ms="8826" status="PASS">
          <params>
            <param index="0">
              <value>
                <![CDATA[{password=10011998Ad@, email=thavithu15@gmail.com, productName=ADIDAS ORIGINAL}]]>
              </value>
            </param>
          </params>
          <reporter-output>
          </reporter-output>
        </test-method> <!-- TC2 -->
        <test-method is-config="true" signature="tearDown()[pri:0, instance:PrimeVideo.minidetails.TrailTest@6913c1fb]" started-at="2026-06-11T11:10:44 IST" name="tearDown" finished-at="2026-06-11T11:10:44 IST" duration-ms="118" status="PASS">
          <reporter-output>
          </reporter-output>
        </test-method> <!-- tearDown -->
        <test-method is-config="true" signature="launchApp()[pri:0, instance:PrimeVideo.minidetails.TrailTest@6913c1fb]" started-at="2026-06-11T11:10:44 IST" name="launchApp" finished-at="2026-06-11T11:10:47 IST" duration-ms="2661" status="PASS">
          <reporter-output>
          </reporter-output>
        </test-method> <!-- launchApp -->
        <test-method signature="TC2(java.util.HashMap)[pri:0, instance:PrimeVideo.minidetails.TrailTest@6913c1fb]" started-at="2026-06-11T11:10:47 IST" name="TC2" data-provider="getData2" finished-at="2026-06-11T11:10:55 IST" duration-ms="8674" status="PASS">
          <params>
            <param index="0">
              <value>
                <![CDATA[{password=10011998Ad@, email=thavithu15@gmail.com, productName=ADIDAS ORIGINAL}]]>
              </value>
            </param>
          </params>
          <reporter-output>
          </reporter-output>
        </test-method> <!-- TC2 -->
        <test-method is-config="true" signature="tearDown()[pri:0, instance:PrimeVideo.minidetails.TrailTest@6913c1fb]" started-at="2026-06-11T11:10:55 IST" name="tearDown" finished-at="2026-06-11T11:10:55 IST" duration-ms="182" status="PASS">
          <reporter-output>
          </reporter-output>
        </test-method> <!-- tearDown -->
      </class> <!-- PrimeVideo.minidetails.TrailTest -->
    </test> <!-- Default test -->
  </suite> <!-- Default suite -->
</testng-results>
