<?xml version="1.0" encoding="UTF-8"?>
<testng-results ignored="0" total="3" passed="2" failed="1" skipped="0">
  <reporter-output>
  </reporter-output>
  <suite started-at="2026-06-11T17:19:18 IST" name="Suite" finished-at="2026-06-11T17:19:46 IST" duration-ms="27972">
    <groups>
    </groups>
    <test started-at="2026-06-11T17:19:18 IST" name="Test" finished-at="2026-06-11T17:19:46 IST" duration-ms="27972">
      <class name="PrimeVideo.minidetails.TrailTest">
        <test-method is-config="true" signature="launchApp()[pri:0, instance:PrimeVideo.minidetails.TrailTest@45efd90f]" started-at="2026-06-11T17:19:18 IST" name="launchApp" finished-at="2026-06-11T17:19:22 IST" duration-ms="3800" status="PASS">
          <reporter-output>
          </reporter-output>
        </test-method> <!-- launchApp -->
        <test-method signature="TC2(java.util.HashMap)[pri:0, instance:PrimeVideo.minidetails.TrailTest@45efd90f]" started-at="2026-06-11T17:19:22 IST" name="TC2" data-provider="getData2" finished-at="2026-06-11T17:19:23 IST" duration-ms="964" status="FAIL">
          <params>
            <param index="0">
              <value>
                <![CDATA[{password=10011998Ad@, email=thavithu15@gmail.com, productName=ZARA hCOAT 3}]]>
              </value>
            </param>
          </params>
          <exception class="java.lang.NullPointerException">
            <message>
              <![CDATA[Cannot invoke "org.openqa.selenium.WebElement.findElement(org.openqa.selenium.By)" because "prod" is null]]>
            </message>
            <full-stacktrace>
              <![CDATA[java.lang.NullPointerException: Cannot invoke "org.openqa.selenium.WebElement.findElement(org.openqa.selenium.By)" because "prod" is null
at PrimeVideo.minidetails.HomePage.addProductByName(HomePage.java:35)
at PrimeVideo.minidetails.TrailTest.TC2(TrailTest.java:25)
at java.base/jdk.internal.reflect.DirectMethodHandleAccessor.invoke(DirectMethodHandleAccessor.java:103)
at java.base/java.lang.reflect.Method.invoke(Method.java:580)
at org.testng.internal.invokers.MethodInvocationHelper.invokeMethod(MethodInvocationHelper.java:141)
at org.testng.internal.invokers.TestInvoker.invokeMethod(TestInvoker.java:697)
at org.testng.internal.invokers.TestInvoker.invokeTestMethod(TestInvoker.java:230)
at org.testng.internal.invokers.MethodRunner.runInSequence(MethodRunner.java:63)
at org.testng.internal.invokers.TestInvoker$MethodInvocationAgent.invoke(TestInvoker.java:1005)
at org.testng.internal.invokers.TestInvoker.invokeTestMethods(TestInvoker.java:203)
at org.testng.internal.invokers.TestMethodWorker.invokeTestMethods(TestMethodWorker.java:154)
at org.testng.internal.invokers.TestMethodWorker.run(TestMethodWorker.java:134)
at java.base/java.util.ArrayList.forEach(ArrayList.java:1596)
at org.testng.TestRunner.privateRun(TestRunner.java:744)
at org.testng.TestRunner.run(TestRunner.java:616)
at org.testng.SuiteRunner.runTest(SuiteRunner.java:421)
at org.testng.SuiteRunner.runSequentially(SuiteRunner.java:413)
at org.testng.SuiteRunner.privateRun(SuiteRunner.java:373)
at org.testng.SuiteRunner.run(SuiteRunner.java:312)
at org.testng.SuiteRunnerWorker.runSuite(SuiteRunnerWorker.java:52)
at org.testng.SuiteRunnerWorker.run(SuiteRunnerWorker.java:95)
at org.testng.TestNG.runSuitesSequentially(TestNG.java:1274)
at org.testng.TestNG.runSuitesLocally(TestNG.java:1208)
at org.testng.TestNG.runSuites(TestNG.java:1112)
at org.testng.TestNG.run(TestNG.java:1079)
at org.testng.remote.AbstractRemoteTestNG.run(AbstractRemoteTestNG.java:115)
at org.testng.remote.RemoteTestNG.initAndRun(RemoteTestNG.java:293)
at org.testng.remote.RemoteTestNG.main(RemoteTestNG.java:91)
]]>
            </full-stacktrace>
          </exception> <!-- java.lang.NullPointerException -->
          <reporter-output>
          </reporter-output>
        </test-method> <!-- TC2 -->
        <test-method is-config="true" signature="tearDown()[pri:0, instance:PrimeVideo.minidetails.TrailTest@45efd90f]" started-at="2026-06-11T17:19:23 IST" name="tearDown" finished-at="2026-06-11T17:19:23 IST" duration-ms="142" status="PASS">
          <reporter-output>
          </reporter-output>
        </test-method> <!-- tearDown -->
        <test-method is-config="true" signature="launchApp()[pri:0, instance:PrimeVideo.minidetails.TrailTest@45efd90f]" started-at="2026-06-11T17:19:23 IST" name="launchApp" finished-at="2026-06-11T17:19:25 IST" duration-ms="2429" status="PASS">
          <reporter-output>
          </reporter-output>
        </test-method> <!-- launchApp -->
        <test-method signature="TC2(java.util.HashMap)[pri:0, instance:PrimeVideo.minidetails.TrailTest@45efd90f]" started-at="2026-06-11T17:19:25 IST" name="TC2" data-provider="getData2" finished-at="2026-06-11T17:19:34 IST" duration-ms="8724" status="PASS">
          <params>
            <param index="0">
              <value>
                <![CDATA[{password=10011998Ad@, email=thavithu15@gmail.com, productName=ADIDAS ORIGINAL}]]>
              </value>
            </param>
          </params>
          <reporter-output>
          </reporter-output>
        </test-method> <!-- TC2 -->
        <test-method is-config="true" signature="tearDown()[pri:0, instance:PrimeVideo.minidetails.TrailTest@45efd90f]" started-at="2026-06-11T17:19:34 IST" name="tearDown" finished-at="2026-06-11T17:19:34 IST" duration-ms="145" status="PASS">
          <reporter-output>
          </reporter-output>
        </test-method> <!-- tearDown -->
        <test-method is-config="true" signature="launchApp()[pri:0, instance:PrimeVideo.minidetails.TrailTest@45efd90f]" started-at="2026-06-11T17:19:34 IST" name="launchApp" finished-at="2026-06-11T17:19:37 IST" duration-ms="2543" status="PASS">
          <reporter-output>
          </reporter-output>
        </test-method> <!-- launchApp -->
        <test-method signature="TC2(java.util.HashMap)[pri:0, instance:PrimeVideo.minidetails.TrailTest@45efd90f]" started-at="2026-06-11T17:19:37 IST" name="TC2" data-provider="getData2" finished-at="2026-06-11T17:19:45 IST" duration-ms="8652" status="PASS">
          <params>
            <param index="0">
              <value>
                <![CDATA[{password=10011998Ad@, email=thavithu15@gmail.com, productName=ADIDAS ORIGINAL}]]>
              </value>
            </param>
          </params>
          <reporter-output>
          </reporter-output>
        </test-method> <!-- TC2 -->
        <test-method is-config="true" signature="tearDown()[pri:0, instance:PrimeVideo.minidetails.TrailTest@45efd90f]" started-at="2026-06-11T17:19:46 IST" name="tearDown" finished-at="2026-06-11T17:19:46 IST" duration-ms="141" status="PASS">
          <reporter-output>
          </reporter-output>
        </test-method> <!-- tearDown -->
      </class> <!-- PrimeVideo.minidetails.TrailTest -->
    </test> <!-- Test -->
  </suite> <!-- Suite -->
</testng-results>
