<?xml version="1.0" encoding="UTF-8"?>
<!-- Generated by org.testng.reporters.JUnitReportReporter -->
<testsuite hostname="LAPTOP-6D8U9LA3" failures="0" tests="3" name="PrimeVideo.minidetails.TrailTest" time="34.947" errors="0" timestamp="2026-06-11T11:10:56 IST" skipped="0">
  <testcase classname="PrimeVideo.minidetails.TrailTest" name="TC2" time="11.481"/>
  <testcase classname="PrimeVideo.minidetails.TrailTest" name="TC2" time="12.798"/>
  <testcase classname="PrimeVideo.minidetails.TrailTest" name="TC2" time="10.668"/>
</testsuite> <!-- PrimeVideo.minidetails.TrailTest -->
