<?xml version="1.0" encoding="UTF-8"?>
<!-- Generated by org.testng.reporters.JUnitReportReporter -->
<testsuite hostname="LAPTOP-6D8U9LA3" failures="0" tests="3" name="PrimeVideo.minidetails.TrailTest" time="29.274" errors="0" timestamp="2026-06-11T12:03:39 IST" skipped="0">
  <testcase classname="PrimeVideo.minidetails.TrailTest" name="TC2" time="11.173"/>
  <testcase classname="PrimeVideo.minidetails.TrailTest" name="TC2" time="5.619"/>
  <testcase classname="PrimeVideo.minidetails.TrailTest" name="TC2" time="12.482"/>
</testsuite> <!-- PrimeVideo.minidetails.TrailTest -->
